android/app/build/outputs/logs/manifest-merger-release-report.txt
-- Merging decision tree log ---
manifest
ADDED from src\main\AndroidManifest.xml:1:1-33:12
	package
		ADDED from src\main\AndroidManifest.xml:2:5-25
		INJECTED from src\main\AndroidManifest.xml
		INJECTED from src\main\AndroidManifest.xml
	android:versionName
		INJECTED from src\main\AndroidManifest.xml
		INJECTED from src\main\AndroidManifest.xml
	xmlns:android
		ADDED from src\main\AndroidManifest.xml:1:11-69
	android:versionCode
		INJECTED from src\main\AndroidManifest.xml
		INJECTED from src\main\AndroidManifest.xml
uses-permission#android.permission.INTERNET
ADDED from src\main\AndroidManifest.xml:4:5-67
	android:name
		ADDED from src\main\AndroidManifest.xml:4:22-64
uses-permission#android.permission.SYSTEM_ALERT_WINDOW
ADDED from src\main\AndroidManifest.xml:5:5-77
MERGED from [com.facebook.react:react-native:0.54.2] AndroidManifest.xml:11:5-78
	android:name
		ADDED from src\main\AndroidManifest.xml:5:22-75
uses-permission#android.permission.CAMERA
ADDED from src\main\AndroidManifest.xml:7:5-64
	android:name
		ADDED from src\main\AndroidManifest.xml:7:22-62
uses-permission#android.permission.VIBRATE
ADDED from src\main\AndroidManifest.xml:8:5-65
	android:name
		ADDED from src\main\AndroidManifest.xml:8:22-63
uses-feature#android.hardware.camera
ADDED from src\main\AndroidManifest.xml:9:5-59
	android:name
		ADDED from src\main\AndroidManifest.xml:9:19-57
uses-feature#android.hardware.camera.autofocus
ADDED from src\main\AndroidManifest.xml:10:5-69
	android:name
		ADDED from src\main\AndroidManifest.xml:10:19-67
uses-permission#android.permission.ACCESS_FINE_LOCATION
ADDED from src\main\AndroidManifest.xml:12:5-79
	android:name
		ADDED from src\main\AndroidManifest.xml:12:22-76
application
ADDED from src\main\AndroidManifest.xml:14:5-31:19
MERGED from [com.facebook.react:react-native:0.54.2] AndroidManifest.xml:13:5-20
MERGED from [com.android.support:appcompat-v7:23.4.0] AndroidManifest.xml:25:5-20
MERGED from [com.android.support:animated-vector-drawable:23.4.0] AndroidManifest.xml:7:5-20
MERGED from [com.android.support:support-vector-drawable:23.4.0] AndroidManifest.xml:7:5-20
MERGED from [com.android.support:support-v4:23.4.0] AndroidManifest.xml:22:5-20
MERGED from [com.facebook.soloader:soloader:0.1.0] AndroidManifest.xml:3:3-17
MERGED from [org.webkit:android-jsc:r174650] AndroidManifest.xml:2:3-17
	android:label
		ADDED from src\main\AndroidManifest.xml:16:7-39
	android:allowBackup
		ADDED from src\main\AndroidManifest.xml:18:7-34
	android:icon
		ADDED from src\main\AndroidManifest.xml:17:7-41
	android:theme
		ADDED from src\main\AndroidManifest.xml:19:7-38
	android:name
		ADDED from src\main\AndroidManifest.xml:15:7-38
activity#com.zhizhi.MainActivity
ADDED from src\main\AndroidManifest.xml:20:7-29:18
	android:label
		ADDED from src\main\AndroidManifest.xml:22:9-41
	android:windowSoftInputMode
		ADDED from src\main\AndroidManifest.xml:24:9-51
	android:configChanges
		ADDED from src\main\AndroidManifest.xml:23:9-79
	android:name
		ADDED from src\main\AndroidManifest.xml:21:9-37
intent-filter#android.intent.action.MAIN+android.intent.category.LAUNCHER
ADDED from src\main\AndroidManifest.xml:25:9-28:25
action#android.intent.action.MAIN
ADDED from src\main\AndroidManifest.xml:26:13-65
	android:name
		ADDED from src\main\AndroidManifest.xml:26:21-62
category#android.intent.category.LAUNCHER
ADDED from src\main\AndroidManifest.xml:27:13-73
	android:name
		ADDED from src\main\AndroidManifest.xml:27:23-70
activity#com.facebook.react.devsupport.DevSettingsActivity
ADDED from src\main\AndroidManifest.xml:30:7-84
	android:name
		ADDED from src\main\AndroidManifest.xml:30:17-81
uses-sdk
INJECTED from src\main\AndroidManifest.xml reason: use-sdk injection requested
MERGED from [ZhiZhi:react-native-vector-icons:unspecified] AndroidManifest.xml:7:5-9:41
MERGED from [ZhiZhi:react-native-smart-barcode:unspecified] AndroidManifest.xml:7:5-9:41
MERGED from [com.facebook.react:react-native:0.54.2] AndroidManifest.xml:7:5-9:41
MERGED from [com.android.support:appcompat-v7:23.4.0] AndroidManifest.xml:21:5-23:78
MERGED from [com.android.support:animated-vector-drawable:23.4.0] AndroidManifest.xml:5:5-44
MERGED from [com.android.support:support-vector-drawable:23.4.0] AndroidManifest.xml:5:5-43
MERGED from [com.android.support:support-v4:23.4.0] AndroidManifest.xml:20:5-43
MERGED from [com.facebook.fbui.textlayoutbuilder:textlayoutbuilder:1.0.0] AndroidManifest.xml:14:5-16:41
MERGED from [com.facebook.fresco:fresco:1.3.0] AndroidManifest.xml:5:5-7:41
MERGED from [com.facebook.fresco:drawee:1.3.0] AndroidManifest.xml:5:5-7:41
MERGED from [com.facebook.fresco:imagepipeline-okhttp3:1.3.0] AndroidManifest.xml:5:5-7:41
MERGED from [com.facebook.fresco:imagepipeline:1.3.0] AndroidManifest.xml:5:5-7:41
MERGED from [com.facebook.fresco:imagepipeline-base:1.3.0] AndroidManifest.xml:5:5-7:41
MERGED from [com.facebook.fresco:fbcore:1.3.0] AndroidManifest.xml:5:5-7:41
MERGED from [com.facebook.soloader:soloader:0.1.0] AndroidManifest.xml:2:3-70
	tools:overrideLibrary
		ADDED from [com.android.support:appcompat-v7:23.4.0] AndroidManifest.xml:23:9-75
	android:targetSdkVersion
		INJECTED from src\main\AndroidManifest.xml
		INJECTED from src\main\AndroidManifest.xml
	android:minSdkVersion
		INJECTED from src\main\AndroidManifest.xml
		INJECTED from src\main\AndroidManifest.xml
android:uses-permission#android.permission.WRITE_EXTERNAL_STORAGE
IMPLIED from src\main\AndroidManifest.xml:1:1-33:12 reason: org.webkit.android_jsc has a targetSdkVersion < 4
android:uses-permission#android.permission.READ_PHONE_STATE
IMPLIED from src\main\AndroidManifest.xml:1:1-33:12 reason: org.webkit.android_jsc has a targetSdkVersion < 4
android:uses-permission#android.permission.READ_EXTERNAL_STORAGE
IMPLIED from src\main\AndroidManifest.xml:1:1-33:12 reason: org.webkit.android_jsc requested WRITE_EXTERNAL_STORAGE